[2024-01-07 16:07:15] local.ERROR: foreach() argument must be of type array|object, null given {"exception":"[object] (ErrorException(code: 0): foreach() argument must be of type array|object, null given at C:\\Users\\PARAG\\Dropbox\\My PC (LAPTOP-T1I2DVAM)\\Desktop\\laravel-projects\\ourfirstapp\\app\\Http\\Controllers\\ImageController.php:29)
[stacktrace]
#0 C:\\Users\\PARAG\\Dropbox\\My PC (LAPTOP-T1I2DVAM)\\Desktop\\laravel-projects\\ourfirstapp\\vendor\\laravel\\framework\\src\\Illuminate\\Foundation\\Bootstrap\\HandleExceptions.php(255): Illuminate\\Foundation\\Bootstrap\\HandleExceptions->handleError(2, 'foreach() argum...', 'C:\\\\Users\\\\PARAG\\\\...', 29)
#1 C:\\Users\\PARAG\\Dropbox\\My PC (LAPTOP-T1I2DVAM)\\Desktop\\laravel-projects\\ourfirstapp\\app\\Http\\Controllers\\ImageController.php(29): Illuminate\\Foundation\\Bootstrap\\HandleExceptions->Illuminate\\Foundation\\Bootstrap\\{closure}(2, 'foreach() argum...', 'C:\\\\Users\\\\PARAG\\\\...', 29)
#2 C:\\Users\\PARAG\\Dropbox\\My PC (LAPTOP-T1I2DVAM)\\Desktop\\laravel-projects\\ourfirstapp\\vendor\\laravel\\framework\\src\\Illuminate\\Routing\\Controller.php(54): App\\Http\\Controllers\\ImageController->imageUpload(Object(Illuminate\\Http\\Request))
#3 C:\\Users\\PARAG\\Dropbox\\My PC (LAPTOP-T1I2DVAM)\\Desktop\\laravel-projects\\ourfirstapp\\vendor\\laravel\\framework\\src\\Illuminate\\Routing\\ControllerDispatcher.php(43): Illuminate\\Routing\\Controller->callAction('imageUpload', Array)
#4 C:\\Users\\PARAG\\Dropbox\\My PC (LAPTOP-T1I2DVAM)\\Desktop\\laravel-projects\\ourfirstapp\\vendor\\laravel\\framework\\src\\Illuminate\\Routing\\Route.php(259): Illuminate\\Routing\\ControllerDispatcher->dispatch(Object(Illuminate\\Routing\\Route), Object(App\\Http\\Controllers\\ImageController), 'imageUpload')
#5 C:\\Users\\PARAG\\Dropbox\\My PC (LAPTOP-T1I2DVAM)\\Desktop\\laravel-projects\\ourfirstapp\\vendor\\laravel\\framework\\src\\Illuminate\\Routing\\Route.php(205): Illuminate\\Routing\\Route->runController()
#6 C:\\Users\\PARAG\\Dropbox\\My PC (LAPTOP-T1I2DVAM)\\Desktop\\laravel-projects\\ourfirstapp\\vendor\\laravel\\framework\\src\\Illuminate\\Routing\\Router.php(806): Illuminate\\Routing\\Route->run()
#7 C:\\Users\\PARAG\\Dropbox\\My PC (LAPTOP-T1I2DVAM)\\Desktop\\laravel-projects\\ourfirstapp\\vendor\\laravel\\framework\\src\\Illuminate\\Pipeline\\Pipeline.php(144): Illuminate\\Routing\\Router->Illuminate\\Routing\\{closure}(Object(Illuminate\\Http\\Request))
#8 C:\\Users\\PARAG\\Dropbox\\My PC (LAPTOP-T1I2DVAM)\\Desktop\\laravel-projects\\ourfirstapp\\vendor\\laravel\\framework\\src\\Illuminate\\Routing\\Middleware\\SubstituteBindings.php(50): Illuminate\\Pipeline\\Pipeline->Illuminate\\Pipeline\\{closure}(Object(Illuminate\\Http\\Request))
#9 C:\\Users\\PARAG\\Dropbox\\My PC (LAPTOP-T1I2DVAM)\\Desktop\\laravel-projects\\ourfirstapp\\vendor\\laravel\\framework\\src\\Illuminate\\Pipeline\\Pipeline.php(183): Illuminate\\Routing\\Middleware\\SubstituteBindings->handle(Object(Illuminate\\Http\\Request), Object(Closure))
#10 C:\\Users\\PARAG\\Dropbox\\My PC (LAPTOP-T1I2DVAM)\\Desktop\\laravel-projects\\ourfirstapp\\vendor\\laravel\\framework\\src\\Illuminate\\Foundation\\Http\\Middleware\\VerifyCsrfToken.php(78): Illuminate\\Pipeline\\Pipeline->Illuminate\\Pipeline\\{closure}(Object(Illuminate\\Http\\Request))
#11 C:\\Users\\PARAG\\Dropbox\\My PC (LAPTOP-T1I2DVAM)\\Desktop\\laravel-projects\\ourfirstapp\\vendor\\laravel\\framework\\src\\Illuminate\\Pipeline\\Pipeline.php(183): Illuminate\\Foundation\\Http\\Middleware\\VerifyCsrfToken->handle(Object(Illuminate\\Http\\Request), Object(Closure))
#12 C:\\Users\\PARAG\\Dropbox\\My PC (LAPTOP-T1I2DVAM)\\Desktop\\laravel-projects\\ourfirstapp\\vendor\\laravel\\framework\\src\\Illuminate\\View\\Middleware\\ShareErrorsFromSession.php(49): Illuminate\\Pipeline\\Pipeline->Illuminate\\Pipeline\\{closure}(Object(Illuminate\\Http\\Request))
#13 C:\\Users\\PARAG\\Dropbox\\My PC (LAPTOP-T1I2DVAM)\\Desktop\\laravel-projects\\ourfirstapp\\vendor\\laravel\\framework\\src\\Illuminate\\Pipeline\\Pipeline.php(183): Illuminate\\View\\Middleware\\ShareErrorsFromSession->handle(Object(Illuminate\\Http\\Request), Object(Closure))
#14 C:\\Users\\PARAG\\Dropbox\\My PC (LAPTOP-T1I2DVAM)\\Desktop\\laravel-projects\\ourfirstapp\\vendor\\laravel\\framework\\src\\Illuminate\\Session\\Middleware\\StartSession.php(121): Illuminate\\Pipeline\\Pipeline->Illuminate\\Pipeline\\{closure}(Object(Illuminate\\Http\\Request))
#15 C:\\Users\\PARAG\\Dropbox\\My PC (LAPTOP-T1I2DVAM)\\Desktop\\laravel-projects\\ourfirstapp\\vendor\\laravel\\framework\\src\\Illuminate\\Session\\Middleware\\StartSession.php(64): Illuminate\\Session\\Middleware\\StartSession->handleStatefulRequest(Object(Illuminate\\Http\\Request), Object(Illuminate\\Session\\Store), Object(Closure))
#16 C:\\Users\\PARAG\\Dropbox\\My PC (LAPTOP-T1I2DVAM)\\Desktop\\laravel-projects\\ourfirstapp\\vendor\\laravel\\framework\\src\\Illuminate\\Pipeline\\Pipeline.php(183): Illuminate\\Session\\Middleware\\StartSession->handle(Object(Illuminate\\Http\\Request), Object(Closure))
#17 C:\\Users\\PARAG\\Dropbox\\My PC (LAPTOP-T1I2DVAM)\\Desktop\\laravel-projects\\ourfirstapp\\vendor\\laravel\\framework\\src\\Illuminate\\Cookie\\Middleware\\AddQueuedCookiesToResponse.php(37): Illuminate\\Pipeline\\Pipeline->Illuminate\\Pipeline\\{closure}(Object(Illuminate\\Http\\Request))
#18 C:\\Users\\PARAG\\Dropbox\\My PC (LAPTOP-T1I2DVAM)\\Desktop\\laravel-projects\\ourfirstapp\\vendor\\laravel\\framework\\src\\Illuminate\\Pipeline\\Pipeline.php(183): Illuminate\\Cookie\\Middleware\\AddQueuedCookiesToResponse->handle(Object(Illuminate\\Http\\Request), Object(Closure))
#19 C:\\Users\\PARAG\\Dropbox\\My PC (LAPTOP-T1I2DVAM)\\Desktop\\laravel-projects\\ourfirstapp\\vendor\\laravel\\framework\\src\\Illuminate\\Cookie\\Middleware\\EncryptCookies.php(67): Illuminate\\Pipeline\\Pipeline->Illuminate\\Pipeline\\{closure}(Object(Illuminate\\Http\\Request))
#20 C:\\Users\\PARAG\\Dropbox\\My PC (LAPTOP-T1I2DVAM)\\Desktop\\laravel-projects\\ourfirstapp\\vendor\\laravel\\framework\\src\\Illuminate\\Pipeline\\Pipeline.php(183): Illuminate\\Cookie\\Middleware\\EncryptCookies->handle(Object(Illuminate\\Http\\Request), Object(Closure))
#21 C:\\Users\\PARAG\\Dropbox\\My PC (LAPTOP-T1I2DVAM)\\Desktop\\laravel-projects\\ourfirstapp\\vendor\\laravel\\framework\\src\\Illuminate\\Pipeline\\Pipeline.php(119): Illuminate\\Pipeline\\Pipeline->Illuminate\\Pipeline\\{closure}(Object(Illuminate\\Http\\Request))
#22 C:\\Users\\PARAG\\Dropbox\\My PC (LAPTOP-T1I2DVAM)\\Desktop\\laravel-projects\\ourfirstapp\\vendor\\laravel\\framework\\src\\Illuminate\\Routing\\Router.php(805): Illuminate\\Pipeline\\Pipeline->then(Object(Closure))
#23 C:\\Users\\PARAG\\Dropbox\\My PC (LAPTOP-T1I2DVAM)\\Desktop\\laravel-projects\\ourfirstapp\\vendor\\laravel\\framework\\src\\Illuminate\\Routing\\Router.php(784): Illuminate\\Routing\\Router->runRouteWithinStack(Object(Illuminate\\Routing\\Route), Object(Illuminate\\Http\\Request))
#24 C:\\Users\\PARAG\\Dropbox\\My PC (LAPTOP-T1I2DVAM)\\Desktop\\laravel-projects\\ourfirstapp\\vendor\\laravel\\framework\\src\\Illuminate\\Routing\\Router.php(748): Illuminate\\Routing\\Router->runRoute(Object(Illuminate\\Http\\Request), Object(Illuminate\\Routing\\Route))
#25 C:\\Users\\PARAG\\Dropbox\\My PC (LAPTOP-T1I2DVAM)\\Desktop\\laravel-projects\\ourfirstapp\\vendor\\laravel\\framework\\src\\Illuminate\\Routing\\Router.php(737): Illuminate\\Routing\\Router->dispatchToRoute(Object(Illuminate\\Http\\Request))
#26 C:\\Users\\PARAG\\Dropbox\\My PC (LAPTOP-T1I2DVAM)\\Desktop\\laravel-projects\\ourfirstapp\\vendor\\laravel\\framework\\src\\Illuminate\\Foundation\\Http\\Kernel.php(200): Illuminate\\Routing\\Router->dispatch(Object(Illuminate\\Http\\Request))
#27 C:\\Users\\PARAG\\Dropbox\\My PC (LAPTOP-T1I2DVAM)\\Desktop\\laravel-projects\\ourfirstapp\\vendor\\laravel\\framework\\src\\Illuminate\\Pipeline\\Pipeline.php(144): Illuminate\\Foundation\\Http\\Kernel->Illuminate\\Foundation\\Http\\{closure}(Object(Illuminate\\Http\\Request))
#28 C:\\Users\\PARAG\\Dropbox\\My PC (LAPTOP-T1I2DVAM)\\Desktop\\laravel-projects\\ourfirstapp\\vendor\\laravel\\framework\\src\\Illuminate\\Foundation\\Http\\Middleware\\TransformsRequest.php(21): Illuminate\\Pipeline\\Pipeline->Illuminate\\Pipeline\\{closure}(Object(Illuminate\\Http\\Request))
#29 C:\\Users\\PARAG\\Dropbox\\My PC (LAPTOP-T1I2DVAM)\\Desktop\\laravel-projects\\ourfirstapp\\vendor\\laravel\\framework\\src\\Illuminate\\Foundation\\Http\\Middleware\\ConvertEmptyStringsToNull.php(31): Illuminate\\Foundation\\Http\\Middleware\\TransformsRequest->handle(Object(Illuminate\\Http\\Request), Object(Closure))
#30 C:\\Users\\PARAG\\Dropbox\\My PC (LAPTOP-T1I2DVAM)\\Desktop\\laravel-projects\\ourfirstapp\\vendor\\laravel\\framework\\src\\Illuminate\\Pipeline\\Pipeline.php(183): Illuminate\\Foundation\\Http\\Middleware\\ConvertEmptyStringsToNull->handle(Object(Illuminate\\Http\\Request), Object(Closure))
#31 C:\\Users\\PARAG\\Dropbox\\My PC (LAPTOP-T1I2DVAM)\\Desktop\\laravel-projects\\ourfirstapp\\vendor\\laravel\\framework\\src\\Illuminate\\Foundation\\Http\\Middleware\\TransformsRequest.php(21): Illuminate\\Pipeline\\Pipeline->Illuminate\\Pipeline\\{closure}(Object(Illuminate\\Http\\Request))
#32 C:\\Users\\PARAG\\Dropbox\\My PC (LAPTOP-T1I2DVAM)\\Desktop\\laravel-projects\\ourfirstapp\\vendor\\laravel\\framework\\src\\Illuminate\\Foundation\\Http\\Middleware\\TrimStrings.php(40): Illuminate\\Foundation\\Http\\Middleware\\TransformsRequest->handle(Object(Illuminate\\Http\\Request), Object(Closure))
#33 C:\\Users\\PARAG\\Dropbox\\My PC (LAPTOP-T1I2DVAM)\\Desktop\\laravel-projects\\ourfirstapp\\vendor\\laravel\\framework\\src\\Illuminate\\Pipeline\\Pipeline.php(183): Illuminate\\Foundation\\Http\\Middleware\\TrimStrings->handle(Object(Illuminate\\Http\\Request), Object(Closure))
#34 C:\\Users\\PARAG\\Dropbox\\My PC (LAPTOP-T1I2DVAM)\\Desktop\\laravel-projects\\ourfirstapp\\vendor\\laravel\\framework\\src\\Illuminate\\Foundation\\Http\\Middleware\\ValidatePostSize.php(27): Illuminate\\Pipeline\\Pipeline->Illuminate\\Pipeline\\{closure}(Object(Illuminate\\Http\\Request))
#35 C:\\Users\\PARAG\\Dropbox\\My PC (LAPTOP-T1I2DVAM)\\Desktop\\laravel-projects\\ourfirstapp\\vendor\\laravel\\framework\\src\\Illuminate\\Pipeline\\Pipeline.php(183): Illuminate\\Foundation\\Http\\Middleware\\ValidatePostSize->handle(Object(Illuminate\\Http\\Request), Object(Closure))
#36 C:\\Users\\PARAG\\Dropbox\\My PC (LAPTOP-T1I2DVAM)\\Desktop\\laravel-projects\\ourfirstapp\\vendor\\laravel\\framework\\src\\Illuminate\\Foundation\\Http\\Middleware\\PreventRequestsDuringMaintenance.php(99): Illuminate\\Pipeline\\Pipeline->Illuminate\\Pipeline\\{closure}(Object(Illuminate\\Http\\Request))
#37 C:\\Users\\PARAG\\Dropbox\\My PC (LAPTOP-T1I2DVAM)\\Desktop\\laravel-projects\\ourfirstapp\\vendor\\laravel\\framework\\src\\Illuminate\\Pipeline\\Pipeline.php(183): Illuminate\\Foundation\\Http\\Middleware\\PreventRequestsDuringMaintenance->handle(Object(Illuminate\\Http\\Request), Object(Closure))
#38 C:\\Users\\PARAG\\Dropbox\\My PC (LAPTOP-T1I2DVAM)\\Desktop\\laravel-projects\\ourfirstapp\\vendor\\laravel\\framework\\src\\Illuminate\\Http\\Middleware\\HandleCors.php(49): Illuminate\\Pipeline\\Pipeline->Illuminate\\Pipeline\\{closure}(Object(Illuminate\\Http\\Request))
#39 C:\\Users\\PARAG\\Dropbox\\My PC (LAPTOP-T1I2DVAM)\\Desktop\\laravel-projects\\ourfirstapp\\vendor\\laravel\\framework\\src\\Illuminate\\Pipeline\\Pipeline.php(183): Illuminate\\Http\\Middleware\\HandleCors->handle(Object(Illuminate\\Http\\Request), Object(Closure))
#40 C:\\Users\\PARAG\\Dropbox\\My PC (LAPTOP-T1I2DVAM)\\Desktop\\laravel-projects\\ourfirstapp\\vendor\\laravel\\framework\\src\\Illuminate\\Http\\Middleware\\TrustProxies.php(39): Illuminate\\Pipeline\\Pipeline->Illuminate\\Pipeline\\{closure}(Object(Illuminate\\Http\\Request))
#41 C:\\Users\\PARAG\\Dropbox\\My PC (LAPTOP-T1I2DVAM)\\Desktop\\laravel-projects\\ourfirstapp\\vendor\\laravel\\framework\\src\\Illuminate\\Pipeline\\Pipeline.php(183): Illuminate\\Http\\Middleware\\TrustProxies->handle(Object(Illuminate\\Http\\Request), Object(Closure))
#42 C:\\Users\\PARAG\\Dropbox\\My PC (LAPTOP-T1I2DVAM)\\Desktop\\laravel-projects\\ourfirstapp\\vendor\\laravel\\framework\\src\\Illuminate\\Pipeline\\Pipeline.php(119): Illuminate\\Pipeline\\Pipeline->Illuminate\\Pipeline\\{closure}(Object(Illuminate\\Http\\Request))
#43 C:\\Users\\PARAG\\Dropbox\\My PC (LAPTOP-T1I2DVAM)\\Desktop\\laravel-projects\\ourfirstapp\\vendor\\laravel\\framework\\src\\Illuminate\\Foundation\\Http\\Kernel.php(175): Illuminate\\Pipeline\\Pipeline->then(Object(Closure))
#44 C:\\Users\\PARAG\\Dropbox\\My PC (LAPTOP-T1I2DVAM)\\Desktop\\laravel-projects\\ourfirstapp\\vendor\\laravel\\framework\\src\\Illuminate\\Foundation\\Http\\Kernel.php(144): Illuminate\\Foundation\\Http\\Kernel->sendRequestThroughRouter(Object(Illuminate\\Http\\Request))
#45 C:\\Users\\PARAG\\Dropbox\\My PC (LAPTOP-T1I2DVAM)\\Desktop\\laravel-projects\\ourfirstapp\\public\\index.php(51): Illuminate\\Foundation\\Http\\Kernel->handle(Object(Illuminate\\Http\\Request))
#46 C:\\Users\\PARAG\\Dropbox\\My PC (LAPTOP-T1I2DVAM)\\Desktop\\laravel-projects\\ourfirstapp\\vendor\\laravel\\framework\\src\\Illuminate\\Foundation\\resources\\server.php(16): require_once('C:\\\\Users\\\\PARAG\\\\...')
#47 {main}
"} 
[2024-01-07 16:07:34] local.ERROR: foreach() argument must be of type array|object, null given {"exception":"[object] (ErrorException(code: 0): foreach() argument must be of type array|object, null given at C:\\Users\\PARAG\\Dropbox\\My PC (LAPTOP-T1I2DVAM)\\Desktop\\laravel-projects\\ourfirstapp\\app\\Http\\Controllers\\ImageController.php:29)
[stacktrace]
#0 C:\\Users\\PARAG\\Dropbox\\My PC (LAPTOP-T1I2DVAM)\\Desktop\\laravel-projects\\ourfirstapp\\vendor\\laravel\\framework\\src\\Illuminate\\Foundation\\Bootstrap\\HandleExceptions.php(255): Illuminate\\Foundation\\Bootstrap\\HandleExceptions->handleError(2, 'foreach() argum...', 'C:\\\\Users\\\\PARAG\\\\...', 29)
#1 C:\\Users\\PARAG\\Dropbox\\My PC (LAPTOP-T1I2DVAM)\\Desktop\\laravel-projects\\ourfirstapp\\app\\Http\\Controllers\\ImageController.php(29): Illuminate\\Foundation\\Bootstrap\\HandleExceptions->Illuminate\\Foundation\\Bootstrap\\{closure}(2, 'foreach() argum...', 'C:\\\\Users\\\\PARAG\\\\...', 29)
#2 C:\\Users\\PARAG\\Dropbox\\My PC (LAPTOP-T1I2DVAM)\\Desktop\\laravel-projects\\ourfirstapp\\vendor\\laravel\\framework\\src\\Illuminate\\Routing\\Controller.php(54): App\\Http\\Controllers\\ImageController->imageUpload(Object(Illuminate\\Http\\Request))
#3 C:\\Users\\PARAG\\Dropbox\\My PC (LAPTOP-T1I2DVAM)\\Desktop\\laravel-projects\\ourfirstapp\\vendor\\laravel\\framework\\src\\Illuminate\\Routing\\ControllerDispatcher.php(43): Illuminate\\Routing\\Controller->callAction('imageUpload', Array)
#4 C:\\Users\\PARAG\\Dropbox\\My PC (LAPTOP-T1I2DVAM)\\Desktop\\laravel-projects\\ourfirstapp\\vendor\\laravel\\framework\\src\\Illuminate\\Routing\\Route.php(259): Illuminate\\Routing\\ControllerDispatcher->dispatch(Object(Illuminate\\Routing\\Route), Object(App\\Http\\Controllers\\ImageController), 'imageUpload')
#5 C:\\Users\\PARAG\\Dropbox\\My PC (LAPTOP-T1I2DVAM)\\Desktop\\laravel-projects\\ourfirstapp\\vendor\\laravel\\framework\\src\\Illuminate\\Routing\\Route.php(205): Illuminate\\Routing\\Route->runController()
#6 C:\\Users\\PARAG\\Dropbox\\My PC (LAPTOP-T1I2DVAM)\\Desktop\\laravel-projects\\ourfirstapp\\vendor\\laravel\\framework\\src\\Illuminate\\Routing\\Router.php(806): Illuminate\\Routing\\Route->run()
#7 C:\\Users\\PARAG\\Dropbox\\My PC (LAPTOP-T1I2DVAM)\\Desktop\\laravel-projects\\ourfirstapp\\vendor\\laravel\\framework\\src\\Illuminate\\Pipeline\\Pipeline.php(144): Illuminate\\Routing\\Router->Illuminate\\Routing\\{closure}(Object(Illuminate\\Http\\Request))
#8 C:\\Users\\PARAG\\Dropbox\\My PC (LAPTOP-T1I2DVAM)\\Desktop\\laravel-projects\\ourfirstapp\\vendor\\laravel\\framework\\src\\Illuminate\\Routing\\Middleware\\SubstituteBindings.php(50): Illuminate\\Pipeline\\Pipeline->Illuminate\\Pipeline\\{closure}(Object(Illuminate\\Http\\Request))
#9 C:\\Users\\PARAG\\Dropbox\\My PC (LAPTOP-T1I2DVAM)\\Desktop\\laravel-projects\\ourfirstapp\\vendor\\laravel\\framework\\src\\Illuminate\\Pipeline\\Pipeline.php(183): Illuminate\\Routing\\Middleware\\SubstituteBindings->handle(Object(Illuminate\\Http\\Request), Object(Closure))
#10 C:\\Users\\PARAG\\Dropbox\\My PC (LAPTOP-T1I2DVAM)\\Desktop\\laravel-projects\\ourfirstapp\\vendor\\laravel\\framework\\src\\Illuminate\\Foundation\\Http\\Middleware\\VerifyCsrfToken.php(78): Illuminate\\Pipeline\\Pipeline->Illuminate\\Pipeline\\{closure}(Object(Illuminate\\Http\\Request))
#11 C:\\Users\\PARAG\\Dropbox\\My PC (LAPTOP-T1I2DVAM)\\Desktop\\laravel-projects\\ourfirstapp\\vendor\\laravel\\framework\\src\\Illuminate\\Pipeline\\Pipeline.php(183): Illuminate\\Foundation\\Http\\Middleware\\VerifyCsrfToken->handle(Object(Illuminate\\Http\\Request), Object(Closure))
#12 C:\\Users\\PARAG\\Dropbox\\My PC (LAPTOP-T1I2DVAM)\\Desktop\\laravel-projects\\ourfirstapp\\vendor\\laravel\\framework\\src\\Illuminate\\View\\Middleware\\ShareErrorsFromSession.php(49): Illuminate\\Pipeline\\Pipeline->Illuminate\\Pipeline\\{closure}(Object(Illuminate\\Http\\Request))
#13 C:\\Users\\PARAG\\Dropbox\\My PC (LAPTOP-T1I2DVAM)\\Desktop\\laravel-projects\\ourfirstapp\\vendor\\laravel\\framework\\src\\Illuminate\\Pipeline\\Pipeline.php(183): Illuminate\\View\\Middleware\\ShareErrorsFromSession->handle(Object(Illuminate\\Http\\Request), Object(Closure))
#14 C:\\Users\\PARAG\\Dropbox\\My PC (LAPTOP-T1I2DVAM)\\Desktop\\laravel-projects\\ourfirstapp\\vendor\\laravel\\framework\\src\\Illuminate\\Session\\Middleware\\StartSession.php(121): Illuminate\\Pipeline\\Pipeline->Illuminate\\Pipeline\\{closure}(Object(Illuminate\\Http\\Request))
#15 C:\\Users\\PARAG\\Dropbox\\My PC (LAPTOP-T1I2DVAM)\\Desktop\\laravel-projects\\ourfirstapp\\vendor\\laravel\\framework\\src\\Illuminate\\Session\\Middleware\\StartSession.php(64): Illuminate\\Session\\Middleware\\StartSession->handleStatefulRequest(Object(Illuminate\\Http\\Request), Object(Illuminate\\Session\\Store), Object(Closure))
#16 C:\\Users\\PARAG\\Dropbox\\My PC (LAPTOP-T1I2DVAM)\\Desktop\\laravel-projects\\ourfirstapp\\vendor\\laravel\\framework\\src\\Illuminate\\Pipeline\\Pipeline.php(183): Illuminate\\Session\\Middleware\\StartSession->handle(Object(Illuminate\\Http\\Request), Object(Closure))
#17 C:\\Users\\PARAG\\Dropbox\\My PC (LAPTOP-T1I2DVAM)\\Desktop\\laravel-projects\\ourfirstapp\\vendor\\laravel\\framework\\src\\Illuminate\\Cookie\\Middleware\\AddQueuedCookiesToResponse.php(37): Illuminate\\Pipeline\\Pipeline->Illuminate\\Pipeline\\{closure}(Object(Illuminate\\Http\\Request))
#18 C:\\Users\\PARAG\\Dropbox\\My PC (LAPTOP-T1I2DVAM)\\Desktop\\laravel-projects\\ourfirstapp\\vendor\\laravel\\framework\\src\\Illuminate\\Pipeline\\Pipeline.php(183): Illuminate\\Cookie\\Middleware\\AddQueuedCookiesToResponse->handle(Object(Illuminate\\Http\\Request), Object(Closure))
#19 C:\\Users\\PARAG\\Dropbox\\My PC (LAPTOP-T1I2DVAM)\\Desktop\\laravel-projects\\ourfirstapp\\vendor\\laravel\\framework\\src\\Illuminate\\Cookie\\Middleware\\EncryptCookies.php(67): Illuminate\\Pipeline\\Pipeline->Illuminate\\Pipeline\\{closure}(Object(Illuminate\\Http\\Request))
#20 C:\\Users\\PARAG\\Dropbox\\My PC (LAPTOP-T1I2DVAM)\\Desktop\\laravel-projects\\ourfirstapp\\vendor\\laravel\\framework\\src\\Illuminate\\Pipeline\\Pipeline.php(183): Illuminate\\Cookie\\Middleware\\EncryptCookies->handle(Object(Illuminate\\Http\\Request), Object(Closure))
#21 C:\\Users\\PARAG\\Dropbox\\My PC (LAPTOP-T1I2DVAM)\\Desktop\\laravel-projects\\ourfirstapp\\vendor\\laravel\\framework\\src\\Illuminate\\Pipeline\\Pipeline.php(119): Illuminate\\Pipeline\\Pipeline->Illuminate\\Pipeline\\{closure}(Object(Illuminate\\Http\\Request))
#22 C:\\Users\\PARAG\\Dropbox\\My PC (LAPTOP-T1I2DVAM)\\Desktop\\laravel-projects\\ourfirstapp\\vendor\\laravel\\framework\\src\\Illuminate\\Routing\\Router.php(805): Illuminate\\Pipeline\\Pipeline->then(Object(Closure))
#23 C:\\Users\\PARAG\\Dropbox\\My PC (LAPTOP-T1I2DVAM)\\Desktop\\laravel-projects\\ourfirstapp\\vendor\\laravel\\framework\\src\\Illuminate\\Routing\\Router.php(784): Illuminate\\Routing\\Router->runRouteWithinStack(Object(Illuminate\\Routing\\Route), Object(Illuminate\\Http\\Request))
#24 C:\\Users\\PARAG\\Dropbox\\My PC (LAPTOP-T1I2DVAM)\\Desktop\\laravel-projects\\ourfirstapp\\vendor\\laravel\\framework\\src\\Illuminate\\Routing\\Router.php(748): Illuminate\\Routing\\Router->runRoute(Object(Illuminate\\Http\\Request), Object(Illuminate\\Routing\\Route))
#25 C:\\Users\\PARAG\\Dropbox\\My PC (LAPTOP-T1I2DVAM)\\Desktop\\laravel-projects\\ourfirstapp\\vendor\\laravel\\framework\\src\\Illuminate\\Routing\\Router.php(737): Illuminate\\Routing\\Router->dispatchToRoute(Object(Illuminate\\Http\\Request))
#26 C:\\Users\\PARAG\\Dropbox\\My PC (LAPTOP-T1I2DVAM)\\Desktop\\laravel-projects\\ourfirstapp\\vendor\\laravel\\framework\\src\\Illuminate\\Foundation\\Http\\Kernel.php(200): Illuminate\\Routing\\Router->dispatch(Object(Illuminate\\Http\\Request))
#27 C:\\Users\\PARAG\\Dropbox\\My PC (LAPTOP-T1I2DVAM)\\Desktop\\laravel-projects\\ourfirstapp\\vendor\\laravel\\framework\\src\\Illuminate\\Pipeline\\Pipeline.php(144): Illuminate\\Foundation\\Http\\Kernel->Illuminate\\Foundation\\Http\\{closure}(Object(Illuminate\\Http\\Request))
#28 C:\\Users\\PARAG\\Dropbox\\My PC (LAPTOP-T1I2DVAM)\\Desktop\\laravel-projects\\ourfirstapp\\vendor\\laravel\\framework\\src\\Illuminate\\Foundation\\Http\\Middleware\\TransformsRequest.php(21): Illuminate\\Pipeline\\Pipeline->Illuminate\\Pipeline\\{closure}(Object(Illuminate\\Http\\Request))
#29 C:\\Users\\PARAG\\Dropbox\\My PC (LAPTOP-T1I2DVAM)\\Desktop\\laravel-projects\\ourfirstapp\\vendor\\laravel\\framework\\src\\Illuminate\\Foundation\\Http\\Middleware\\ConvertEmptyStringsToNull.php(31): Illuminate\\Foundation\\Http\\Middleware\\TransformsRequest->handle(Object(Illuminate\\Http\\Request), Object(Closure))
#30 C:\\Users\\PARAG\\Dropbox\\My PC (LAPTOP-T1I2DVAM)\\Desktop\\laravel-projects\\ourfirstapp\\vendor\\laravel\\framework\\src\\Illuminate\\Pipeline\\Pipeline.php(183): Illuminate\\Foundation\\Http\\Middleware\\ConvertEmptyStringsToNull->handle(Object(Illuminate\\Http\\Request), Object(Closure))
#31 C:\\Users\\PARAG\\Dropbox\\My PC (LAPTOP-T1I2DVAM)\\Desktop\\laravel-projects\\ourfirstapp\\vendor\\laravel\\framework\\src\\Illuminate\\Foundation\\Http\\Middleware\\TransformsRequest.php(21): Illuminate\\Pipeline\\Pipeline->Illuminate\\Pipeline\\{closure}(Object(Illuminate\\Http\\Request))
#32 C:\\Users\\PARAG\\Dropbox\\My PC (LAPTOP-T1I2DVAM)\\Desktop\\laravel-projects\\ourfirstapp\\vendor\\laravel\\framework\\src\\Illuminate\\Foundation\\Http\\Middleware\\TrimStrings.php(40): Illuminate\\Foundation\\Http\\Middleware\\TransformsRequest->handle(Object(Illuminate\\Http\\Request), Object(Closure))
#33 C:\\Users\\PARAG\\Dropbox\\My PC (LAPTOP-T1I2DVAM)\\Desktop\\laravel-projects\\ourfirstapp\\vendor\\laravel\\framework\\src\\Illuminate\\Pipeline\\Pipeline.php(183): Illuminate\\Foundation\\Http\\Middleware\\TrimStrings->handle(Object(Illuminate\\Http\\Request), Object(Closure))
#34 C:\\Users\\PARAG\\Dropbox\\My PC (LAPTOP-T1I2DVAM)\\Desktop\\laravel-projects\\ourfirstapp\\vendor\\laravel\\framework\\src\\Illuminate\\Foundation\\Http\\Middleware\\ValidatePostSize.php(27): Illuminate\\Pipeline\\Pipeline->Illuminate\\Pipeline\\{closure}(Object(Illuminate\\Http\\Request))
#35 C:\\Users\\PARAG\\Dropbox\\My PC (LAPTOP-T1I2DVAM)\\Desktop\\laravel-projects\\ourfirstapp\\vendor\\laravel\\framework\\src\\Illuminate\\Pipeline\\Pipeline.php(183): Illuminate\\Foundation\\Http\\Middleware\\ValidatePostSize->handle(Object(Illuminate\\Http\\Request), Object(Closure))
#36 C:\\Users\\PARAG\\Dropbox\\My PC (LAPTOP-T1I2DVAM)\\Desktop\\laravel-projects\\ourfirstapp\\vendor\\laravel\\framework\\src\\Illuminate\\Foundation\\Http\\Middleware\\PreventRequestsDuringMaintenance.php(99): Illuminate\\Pipeline\\Pipeline->Illuminate\\Pipeline\\{closure}(Object(Illuminate\\Http\\Request))
#37 C:\\Users\\PARAG\\Dropbox\\My PC (LAPTOP-T1I2DVAM)\\Desktop\\laravel-projects\\ourfirstapp\\vendor\\laravel\\framework\\src\\Illuminate\\Pipeline\\Pipeline.php(183): Illuminate\\Foundation\\Http\\Middleware\\PreventRequestsDuringMaintenance->handle(Object(Illuminate\\Http\\Request), Object(Closure))
#38 C:\\Users\\PARAG\\Dropbox\\My PC (LAPTOP-T1I2DVAM)\\Desktop\\laravel-projects\\ourfirstapp\\vendor\\laravel\\framework\\src\\Illuminate\\Http\\Middleware\\HandleCors.php(49): Illuminate\\Pipeline\\Pipeline->Illuminate\\Pipeline\\{closure}(Object(Illuminate\\Http\\Request))
#39 C:\\Users\\PARAG\\Dropbox\\My PC (LAPTOP-T1I2DVAM)\\Desktop\\laravel-projects\\ourfirstapp\\vendor\\laravel\\framework\\src\\Illuminate\\Pipeline\\Pipeline.php(183): Illuminate\\Http\\Middleware\\HandleCors->handle(Object(Illuminate\\Http\\Request), Object(Closure))
#40 C:\\Users\\PARAG\\Dropbox\\My PC (LAPTOP-T1I2DVAM)\\Desktop\\laravel-projects\\ourfirstapp\\vendor\\laravel\\framework\\src\\Illuminate\\Http\\Middleware\\TrustProxies.php(39): Illuminate\\Pipeline\\Pipeline->Illuminate\\Pipeline\\{closure}(Object(Illuminate\\Http\\Request))
#41 C:\\Users\\PARAG\\Dropbox\\My PC (LAPTOP-T1I2DVAM)\\Desktop\\laravel-projects\\ourfirstapp\\vendor\\laravel\\framework\\src\\Illuminate\\Pipeline\\Pipeline.php(183): Illuminate\\Http\\Middleware\\TrustProxies->handle(Object(Illuminate\\Http\\Request), Object(Closure))
#42 C:\\Users\\PARAG\\Dropbox\\My PC (LAPTOP-T1I2DVAM)\\Desktop\\laravel-projects\\ourfirstapp\\vendor\\laravel\\framework\\src\\Illuminate\\Pipeline\\Pipeline.php(119): Illuminate\\Pipeline\\Pipeline->Illuminate\\Pipeline\\{closure}(Object(Illuminate\\Http\\Request))
#43 C:\\Users\\PARAG\\Dropbox\\My PC (LAPTOP-T1I2DVAM)\\Desktop\\laravel-projects\\ourfirstapp\\vendor\\laravel\\framework\\src\\Illuminate\\Foundation\\Http\\Kernel.php(175): Illuminate\\Pipeline\\Pipeline->then(Object(Closure))
#44 C:\\Users\\PARAG\\Dropbox\\My PC (LAPTOP-T1I2DVAM)\\Desktop\\laravel-projects\\ourfirstapp\\vendor\\laravel\\framework\\src\\Illuminate\\Foundation\\Http\\Kernel.php(144): Illuminate\\Foundation\\Http\\Kernel->sendRequestThroughRouter(Object(Illuminate\\Http\\Request))
#45 C:\\Users\\PARAG\\Dropbox\\My PC (LAPTOP-T1I2DVAM)\\Desktop\\laravel-projects\\ourfirstapp\\public\\index.php(51): Illuminate\\Foundation\\Http\\Kernel->handle(Object(Illuminate\\Http\\Request))
#46 C:\\Users\\PARAG\\Dropbox\\My PC (LAPTOP-T1I2DVAM)\\Desktop\\laravel-projects\\ourfirstapp\\vendor\\laravel\\framework\\src\\Illuminate\\Foundation\\resources\\server.php(16): require_once('C:\\\\Users\\\\PARAG\\\\...')
#47 {main}
"} 
[2024-01-07 16:14:07] local.ERROR: foreach() argument must be of type array|object, null given {"exception":"[object] (ErrorException(code: 0): foreach() argument must be of type array|object, null given at C:\\Users\\PARAG\\Dropbox\\My PC (LAPTOP-T1I2DVAM)\\Desktop\\laravel-projects\\ourfirstapp\\app\\Http\\Controllers\\ImageController.php:29)
[stacktrace]
#0 C:\\Users\\PARAG\\Dropbox\\My PC (LAPTOP-T1I2DVAM)\\Desktop\\laravel-projects\\ourfirstapp\\vendor\\laravel\\framework\\src\\Illuminate\\Foundation\\Bootstrap\\HandleExceptions.php(255): Illuminate\\Foundation\\Bootstrap\\HandleExceptions->handleError(2, 'foreach() argum...', 'C:\\\\Users\\\\PARAG\\\\...', 29)
#1 C:\\Users\\PARAG\\Dropbox\\My PC (LAPTOP-T1I2DVAM)\\Desktop\\laravel-projects\\ourfirstapp\\app\\Http\\Controllers\\ImageController.php(29): Illuminate\\Foundation\\Bootstrap\\HandleExceptions->Illuminate\\Foundation\\Bootstrap\\{closure}(2, 'foreach() argum...', 'C:\\\\Users\\\\PARAG\\\\...', 29)
#2 C:\\Users\\PARAG\\Dropbox\\My PC (LAPTOP-T1I2DVAM)\\Desktop\\laravel-projects\\ourfirstapp\\vendor\\laravel\\framework\\src\\Illuminate\\Routing\\Controller.php(54): App\\Http\\Controllers\\ImageController->imageUpload(Object(Illuminate\\Http\\Request))
#3 C:\\Users\\PARAG\\Dropbox\\My PC (LAPTOP-T1I2DVAM)\\Desktop\\laravel-projects\\ourfirstapp\\vendor\\laravel\\framework\\src\\Illuminate\\Routing\\ControllerDispatcher.php(43): Illuminate\\Routing\\Controller->callAction('imageUpload', Array)
#4 C:\\Users\\PARAG\\Dropbox\\My PC (LAPTOP-T1I2DVAM)\\Desktop\\laravel-projects\\ourfirstapp\\vendor\\laravel\\framework\\src\\Illuminate\\Routing\\Route.php(259): Illuminate\\Routing\\ControllerDispatcher->dispatch(Object(Illuminate\\Routing\\Route), Object(App\\Http\\Controllers\\ImageController), 'imageUpload')
#5 C:\\Users\\PARAG\\Dropbox\\My PC (LAPTOP-T1I2DVAM)\\Desktop\\laravel-projects\\ourfirstapp\\vendor\\laravel\\framework\\src\\Illuminate\\Routing\\Route.php(205): Illuminate\\Routing\\Route->runController()
#6 C:\\Users\\PARAG\\Dropbox\\My PC (LAPTOP-T1I2DVAM)\\Desktop\\laravel-projects\\ourfirstapp\\vendor\\laravel\\framework\\src\\Illuminate\\Routing\\Router.php(806): Illuminate\\Routing\\Route->run()
#7 C:\\Users\\PARAG\\Dropbox\\My PC (LAPTOP-T1I2DVAM)\\Desktop\\laravel-projects\\ourfirstapp\\vendor\\laravel\\framework\\src\\Illuminate\\Pipeline\\Pipeline.php(144): Illuminate\\Routing\\Router->Illuminate\\Routing\\{closure}(Object(Illuminate\\Http\\Request))
#8 C:\\Users\\PARAG\\Dropbox\\My PC (LAPTOP-T1I2DVAM)\\Desktop\\laravel-projects\\ourfirstapp\\vendor\\laravel\\framework\\src\\Illuminate\\Routing\\Middleware\\SubstituteBindings.php(50): Illuminate\\Pipeline\\Pipeline->Illuminate\\Pipeline\\{closure}(Object(Illuminate\\Http\\Request))
#9 C:\\Users\\PARAG\\Dropbox\\My PC (LAPTOP-T1I2DVAM)\\Desktop\\laravel-projects\\ourfirstapp\\vendor\\laravel\\framework\\src\\Illuminate\\Pipeline\\Pipeline.php(183): Illuminate\\Routing\\Middleware\\SubstituteBindings->handle(Object(Illuminate\\Http\\Request), Object(Closure))
#10 C:\\Users\\PARAG\\Dropbox\\My PC (LAPTOP-T1I2DVAM)\\Desktop\\laravel-projects\\ourfirstapp\\vendor\\laravel\\framework\\src\\Illuminate\\Foundation\\Http\\Middleware\\VerifyCsrfToken.php(78): Illuminate\\Pipeline\\Pipeline->Illuminate\\Pipeline\\{closure}(Object(Illuminate\\Http\\Request))
#11 C:\\Users\\PARAG\\Dropbox\\My PC (LAPTOP-T1I2DVAM)\\Desktop\\laravel-projects\\ourfirstapp\\vendor\\laravel\\framework\\src\\Illuminate\\Pipeline\\Pipeline.php(183): Illuminate\\Foundation\\Http\\Middleware\\VerifyCsrfToken->handle(Object(Illuminate\\Http\\Request), Object(Closure))
#12 C:\\Users\\PARAG\\Dropbox\\My PC (LAPTOP-T1I2DVAM)\\Desktop\\laravel-projects\\ourfirstapp\\vendor\\laravel\\framework\\src\\Illuminate\\View\\Middleware\\ShareErrorsFromSession.php(49): Illuminate\\Pipeline\\Pipeline->Illuminate\\Pipeline\\{closure}(Object(Illuminate\\Http\\Request))
#13 C:\\Users\\PARAG\\Dropbox\\My PC (LAPTOP-T1I2DVAM)\\Desktop\\laravel-projects\\ourfirstapp\\vendor\\laravel\\framework\\src\\Illuminate\\Pipeline\\Pipeline.php(183): Illuminate\\View\\Middleware\\ShareErrorsFromSession->handle(Object(Illuminate\\Http\\Request), Object(Closure))
#14 C:\\Users\\PARAG\\Dropbox\\My PC (LAPTOP-T1I2DVAM)\\Desktop\\laravel-projects\\ourfirstapp\\vendor\\laravel\\framework\\src\\Illuminate\\Session\\Middleware\\StartSession.php(121): Illuminate\\Pipeline\\Pipeline->Illuminate\\Pipeline\\{closure}(Object(Illuminate\\Http\\Request))
#15 C:\\Users\\PARAG\\Dropbox\\My PC (LAPTOP-T1I2DVAM)\\Desktop\\laravel-projects\\ourfirstapp\\vendor\\laravel\\framework\\src\\Illuminate\\Session\\Middleware\\StartSession.php(64): Illuminate\\Session\\Middleware\\StartSession->handleStatefulRequest(Object(Illuminate\\Http\\Request), Object(Illuminate\\Session\\Store), Object(Closure))
#16 C:\\Users\\PARAG\\Dropbox\\My PC (LAPTOP-T1I2DVAM)\\Desktop\\laravel-projects\\ourfirstapp\\vendor\\laravel\\framework\\src\\Illuminate\\Pipeline\\Pipeline.php(183): Illuminate\\Session\\Middleware\\StartSession->handle(Object(Illuminate\\Http\\Request), Object(Closure))
#17 C:\\Users\\PARAG\\Dropbox\\My PC (LAPTOP-T1I2DVAM)\\Desktop\\laravel-projects\\ourfirstapp\\vendor\\laravel\\framework\\src\\Illuminate\\Cookie\\Middleware\\AddQueuedCookiesToResponse.php(37): Illuminate\\Pipeline\\Pipeline->Illuminate\\Pipeline\\{closure}(Object(Illuminate\\Http\\Request))
#18 C:\\Users\\PARAG\\Dropbox\\My PC (LAPTOP-T1I2DVAM)\\Desktop\\laravel-projects\\ourfirstapp\\vendor\\laravel\\framework\\src\\Illuminate\\Pipeline\\Pipeline.php(183): Illuminate\\Cookie\\Middleware\\AddQueuedCookiesToResponse->handle(Object(Illuminate\\Http\\Request), Object(Closure))
#19 C:\\Users\\PARAG\\Dropbox\\My PC (LAPTOP-T1I2DVAM)\\Desktop\\laravel-projects\\ourfirstapp\\vendor\\laravel\\framework\\src\\Illuminate\\Cookie\\Middleware\\EncryptCookies.php(67): Illuminate\\Pipeline\\Pipeline->Illuminate\\Pipeline\\{closure}(Object(Illuminate\\Http\\Request))
#20 C:\\Users\\PARAG\\Dropbox\\My PC (LAPTOP-T1I2DVAM)\\Desktop\\laravel-projects\\ourfirstapp\\vendor\\laravel\\framework\\src\\Illuminate\\Pipeline\\Pipeline.php(183): Illuminate\\Cookie\\Middleware\\EncryptCookies->handle(Object(Illuminate\\Http\\Request), Object(Closure))
#21 C:\\Users\\PARAG\\Dropbox\\My PC (LAPTOP-T1I2DVAM)\\Desktop\\laravel-projects\\ourfirstapp\\vendor\\laravel\\framework\\src\\Illuminate\\Pipeline\\Pipeline.php(119): Illuminate\\Pipeline\\Pipeline->Illuminate\\Pipeline\\{closure}(Object(Illuminate\\Http\\Request))
#22 C:\\Users\\PARAG\\Dropbox\\My PC (LAPTOP-T1I2DVAM)\\Desktop\\laravel-projects\\ourfirstapp\\vendor\\laravel\\framework\\src\\Illuminate\\Routing\\Router.php(805): Illuminate\\Pipeline\\Pipeline->then(Object(Closure))
#23 C:\\Users\\PARAG\\Dropbox\\My PC (LAPTOP-T1I2DVAM)\\Desktop\\laravel-projects\\ourfirstapp\\vendor\\laravel\\framework\\src\\Illuminate\\Routing\\Router.php(784): Illuminate\\Routing\\Router->runRouteWithinStack(Object(Illuminate\\Routing\\Route), Object(Illuminate\\Http\\Request))
#24 C:\\Users\\PARAG\\Dropbox\\My PC (LAPTOP-T1I2DVAM)\\Desktop\\laravel-projects\\ourfirstapp\\vendor\\laravel\\framework\\src\\Illuminate\\Routing\\Router.php(748): Illuminate\\Routing\\Router->runRoute(Object(Illuminate\\Http\\Request), Object(Illuminate\\Routing\\Route))
#25 C:\\Users\\PARAG\\Dropbox\\My PC (LAPTOP-T1I2DVAM)\\Desktop\\laravel-projects\\ourfirstapp\\vendor\\laravel\\framework\\src\\Illuminate\\Routing\\Router.php(737): Illuminate\\Routing\\Router->dispatchToRoute(Object(Illuminate\\Http\\Request))
#26 C:\\Users\\PARAG\\Dropbox\\My PC (LAPTOP-T1I2DVAM)\\Desktop\\laravel-projects\\ourfirstapp\\vendor\\laravel\\framework\\src\\Illuminate\\Foundation\\Http\\Kernel.php(200): Illuminate\\Routing\\Router->dispatch(Object(Illuminate\\Http\\Request))
#27 C:\\Users\\PARAG\\Dropbox\\My PC (LAPTOP-T1I2DVAM)\\Desktop\\laravel-projects\\ourfirstapp\\vendor\\laravel\\framework\\src\\Illuminate\\Pipeline\\Pipeline.php(144): Illuminate\\Foundation\\Http\\Kernel->Illuminate\\Foundation\\Http\\{closure}(Object(Illuminate\\Http\\Request))
#28 C:\\Users\\PARAG\\Dropbox\\My PC (LAPTOP-T1I2DVAM)\\Desktop\\laravel-projects\\ourfirstapp\\vendor\\laravel\\framework\\src\\Illuminate\\Foundation\\Http\\Middleware\\TransformsRequest.php(21): Illuminate\\Pipeline\\Pipeline->Illuminate\\Pipeline\\{closure}(Object(Illuminate\\Http\\Request))
#29 C:\\Users\\PARAG\\Dropbox\\My PC (LAPTOP-T1I2DVAM)\\Desktop\\laravel-projects\\ourfirstapp\\vendor\\laravel\\framework\\src\\Illuminate\\Foundation\\Http\\Middleware\\ConvertEmptyStringsToNull.php(31): Illuminate\\Foundation\\Http\\Middleware\\TransformsRequest->handle(Object(Illuminate\\Http\\Request), Object(Closure))
#30 C:\\Users\\PARAG\\Dropbox\\My PC (LAPTOP-T1I2DVAM)\\Desktop\\laravel-projects\\ourfirstapp\\vendor\\laravel\\framework\\src\\Illuminate\\Pipeline\\Pipeline.php(183): Illuminate\\Foundation\\Http\\Middleware\\ConvertEmptyStringsToNull->handle(Object(Illuminate\\Http\\Request), Object(Closure))
#31 C:\\Users\\PARAG\\Dropbox\\My PC (LAPTOP-T1I2DVAM)\\Desktop\\laravel-projects\\ourfirstapp\\vendor\\laravel\\framework\\src\\Illuminate\\Foundation\\Http\\Middleware\\TransformsRequest.php(21): Illuminate\\Pipeline\\Pipeline->Illuminate\\Pipeline\\{closure}(Object(Illuminate\\Http\\Request))
#32 C:\\Users\\PARAG\\Dropbox\\My PC (LAPTOP-T1I2DVAM)\\Desktop\\laravel-projects\\ourfirstapp\\vendor\\laravel\\framework\\src\\Illuminate\\Foundation\\Http\\Middleware\\TrimStrings.php(40): Illuminate\\Foundation\\Http\\Middleware\\TransformsRequest->handle(Object(Illuminate\\Http\\Request), Object(Closure))
#33 C:\\Users\\PARAG\\Dropbox\\My PC (LAPTOP-T1I2DVAM)\\Desktop\\laravel-projects\\ourfirstapp\\vendor\\laravel\\framework\\src\\Illuminate\\Pipeline\\Pipeline.php(183): Illuminate\\Foundation\\Http\\Middleware\\TrimStrings->handle(Object(Illuminate\\Http\\Request), Object(Closure))
#34 C:\\Users\\PARAG\\Dropbox\\My PC (LAPTOP-T1I2DVAM)\\Desktop\\laravel-projects\\ourfirstapp\\vendor\\laravel\\framework\\src\\Illuminate\\Foundation\\Http\\Middleware\\ValidatePostSize.php(27): Illuminate\\Pipeline\\Pipeline->Illuminate\\Pipeline\\{closure}(Object(Illuminate\\Http\\Request))
#35 C:\\Users\\PARAG\\Dropbox\\My PC (LAPTOP-T1I2DVAM)\\Desktop\\laravel-projects\\ourfirstapp\\vendor\\laravel\\framework\\src\\Illuminate\\Pipeline\\Pipeline.php(183): Illuminate\\Foundation\\Http\\Middleware\\ValidatePostSize->handle(Object(Illuminate\\Http\\Request), Object(Closure))
#36 C:\\Users\\PARAG\\Dropbox\\My PC (LAPTOP-T1I2DVAM)\\Desktop\\laravel-projects\\ourfirstapp\\vendor\\laravel\\framework\\src\\Illuminate\\Foundation\\Http\\Middleware\\PreventRequestsDuringMaintenance.php(99): Illuminate\\Pipeline\\Pipeline->Illuminate\\Pipeline\\{closure}(Object(Illuminate\\Http\\Request))
#37 C:\\Users\\PARAG\\Dropbox\\My PC (LAPTOP-T1I2DVAM)\\Desktop\\laravel-projects\\ourfirstapp\\vendor\\laravel\\framework\\src\\Illuminate\\Pipeline\\Pipeline.php(183): Illuminate\\Foundation\\Http\\Middleware\\PreventRequestsDuringMaintenance->handle(Object(Illuminate\\Http\\Request), Object(Closure))
#38 C:\\Users\\PARAG\\Dropbox\\My PC (LAPTOP-T1I2DVAM)\\Desktop\\laravel-projects\\ourfirstapp\\vendor\\laravel\\framework\\src\\Illuminate\\Http\\Middleware\\HandleCors.php(49): Illuminate\\Pipeline\\Pipeline->Illuminate\\Pipeline\\{closure}(Object(Illuminate\\Http\\Request))
#39 C:\\Users\\PARAG\\Dropbox\\My PC (LAPTOP-T1I2DVAM)\\Desktop\\laravel-projects\\ourfirstapp\\vendor\\laravel\\framework\\src\\Illuminate\\Pipeline\\Pipeline.php(183): Illuminate\\Http\\Middleware\\HandleCors->handle(Object(Illuminate\\Http\\Request), Object(Closure))
#40 C:\\Users\\PARAG\\Dropbox\\My PC (LAPTOP-T1I2DVAM)\\Desktop\\laravel-projects\\ourfirstapp\\vendor\\laravel\\framework\\src\\Illuminate\\Http\\Middleware\\TrustProxies.php(39): Illuminate\\Pipeline\\Pipeline->Illuminate\\Pipeline\\{closure}(Object(Illuminate\\Http\\Request))
#41 C:\\Users\\PARAG\\Dropbox\\My PC (LAPTOP-T1I2DVAM)\\Desktop\\laravel-projects\\ourfirstapp\\vendor\\laravel\\framework\\src\\Illuminate\\Pipeline\\Pipeline.php(183): Illuminate\\Http\\Middleware\\TrustProxies->handle(Object(Illuminate\\Http\\Request), Object(Closure))
#42 C:\\Users\\PARAG\\Dropbox\\My PC (LAPTOP-T1I2DVAM)\\Desktop\\laravel-projects\\ourfirstapp\\vendor\\laravel\\framework\\src\\Illuminate\\Pipeline\\Pipeline.php(119): Illuminate\\Pipeline\\Pipeline->Illuminate\\Pipeline\\{closure}(Object(Illuminate\\Http\\Request))
#43 C:\\Users\\PARAG\\Dropbox\\My PC (LAPTOP-T1I2DVAM)\\Desktop\\laravel-projects\\ourfirstapp\\vendor\\laravel\\framework\\src\\Illuminate\\Foundation\\Http\\Kernel.php(175): Illuminate\\Pipeline\\Pipeline->then(Object(Closure))
#44 C:\\Users\\PARAG\\Dropbox\\My PC (LAPTOP-T1I2DVAM)\\Desktop\\laravel-projects\\ourfirstapp\\vendor\\laravel\\framework\\src\\Illuminate\\Foundation\\Http\\Kernel.php(144): Illuminate\\Foundation\\Http\\Kernel->sendRequestThroughRouter(Object(Illuminate\\Http\\Request))
#45 C:\\Users\\PARAG\\Dropbox\\My PC (LAPTOP-T1I2DVAM)\\Desktop\\laravel-projects\\ourfirstapp\\public\\index.php(51): Illuminate\\Foundation\\Http\\Kernel->handle(Object(Illuminate\\Http\\Request))
#46 C:\\Users\\PARAG\\Dropbox\\My PC (LAPTOP-T1I2DVAM)\\Desktop\\laravel-projects\\ourfirstapp\\vendor\\laravel\\framework\\src\\Illuminate\\Foundation\\resources\\server.php(16): require_once('C:\\\\Users\\\\PARAG\\\\...')
#47 {main}
"} 
